<?xml version="1.0" encoding="UTF-8"?>
<!-- Generated by org.testng.reporters.JUnitReportReporter -->
<testsuite hostname="Murali" failures="0" tests="1" name="rahulshettyacademy.cucumber.TestNGRunner" time="75.918" errors="0" timestamp="2024-03-05T17:43:18 EST" skipped="0">
  <testcase classname="rahulshettyacademy.cucumber.TestNGRunner" name="runScenario" time="75.918"/>
  <system-out/>
</testsuite> <!-- rahulshettyacademy.cucumber.TestNGRunner -->
