<?xml version="1.0" encoding="UTF-8"?>
<!-- Generated by org.testng.reporters.JUnitReportReporter -->
<testsuite hostname="Murali" failures="0" tests="1" name="rahulshettyacademy.cucumber.TestNGRunner" time="84.079" errors="0" timestamp="2024-03-06T12:36:52 GMT-05:00" skipped="0">
  <testcase classname="rahulshettyacademy.cucumber.TestNGRunner" name="runScenario" time="84.079"/>
  <system-out/>
</testsuite> <!-- rahulshettyacademy.cucumber.TestNGRunner -->
