<?xml version="1.0" encoding="UTF-8"?>
<!-- Generated by org.testng.reporters.JUnitReportReporter -->
<testsuite hostname="Murali" failures="0" tests="2" name="rahulshettyacademy.tests.ErrorValidation" time="102.905" errors="0" timestamp="2024-03-12T18:28:04 GMT-04:00" skipped="0">
  <testcase classname="rahulshettyacademy.tests.ErrorValidation" name="loginErrorValidation" time="24.219"/>
  <system-out/>
  <testcase classname="rahulshettyacademy.tests.ErrorValidation" name="productErrorValidation" time="78.686"/>
  <system-out/>
</testsuite> <!-- rahulshettyacademy.tests.ErrorValidation -->
