<?xml version="1.0" encoding="UTF-8"?>
<!-- Generated by org.testng.reporters.JUnitReportReporter -->
<testsuite hostname="Murali" failures="0" tests="3" name="rahulshettyacademy.tests.SubmitOrder" time="121.353" errors="0" timestamp="2024-03-12T18:28:04 GMT-04:00" skipped="0">
  <testcase classname="rahulshettyacademy.tests.SubmitOrder" name="submitOrder" time="25.655"/>
  <system-out/>
  <testcase classname="rahulshettyacademy.tests.SubmitOrder" name="submitOrder" time="35.632"/>
  <system-out/>
  <testcase classname="rahulshettyacademy.tests.SubmitOrder" name="OrderHistoryTest" time="60.066"/>
  <system-out/>
</testsuite> <!-- rahulshettyacademy.tests.SubmitOrder -->
